\BOOKMARK [1][-]{section.1}{Introduction}{}% 1
\BOOKMARK [2][-]{subsection.1.1}{Requirements}{section.1}% 2
\BOOKMARK [2][-]{subsection.1.2}{Choice of Merchandise}{section.1}% 3
\BOOKMARK [2][-]{subsection.1.3}{Technologies}{section.1}% 4
\BOOKMARK [1][-]{section.2}{Design}{}% 5
\BOOKMARK [2][-]{subsection.2.1}{Role Descriptions and Features}{section.2}% 6
\BOOKMARK [3][-]{subsubsection.2.1.1}{Role: Visitor}{subsection.2.1}% 7
\BOOKMARK [3][-]{subsubsection.2.1.2}{Role: Customer}{subsection.2.1}% 8
\BOOKMARK [3][-]{subsubsection.2.1.3}{Role: Admin}{subsection.2.1}% 9
\BOOKMARK [2][-]{subsection.2.2}{Database Schema}{section.2}% 10
\BOOKMARK [2][-]{subsection.2.3}{Test-cases}{section.2}% 11
\BOOKMARK [1][-]{section.3}{Discussion}{}% 12
\BOOKMARK [2][-]{subsection.3.1}{Handling Orders}{section.3}% 13
\BOOKMARK [2][-]{subsection.3.2}{Availability}{section.3}% 14
\BOOKMARK [2][-]{subsection.3.3}{Filtering}{section.3}% 15
\BOOKMARK [1][-]{appendix.A}{Sprint Backlogs}{}% 16
\BOOKMARK [1][-]{appendix.B}{User Stories}{}% 17
\BOOKMARK [2][-]{subsection.B.1}{Visitor Role and Functionality:}{appendix.B}% 18
\BOOKMARK [2][-]{subsection.B.2}{Customer Role and Functionality:}{appendix.B}% 19
\BOOKMARK [2][-]{subsection.B.3}{Admin Role and Functionality:}{appendix.B}% 20
